build/app/intermediates/manifest_merge_blame_file/debug/manifest-merger-blame-debug-report.txt
1<?xml version="1.0" encoding="utf-8"?>
2<manifest xmlns:android="http://schemas.android.com/apk/res/android"
3    package="com.example.cat_nutrition"
4    android:versionCode="1"
5    android:versionName="1.0.0" >
6
7    <uses-sdk
8        android:minSdkVersion="19"
9        android:targetSdkVersion="33" />
10    <!--
11         The INTERNET permission is required for development. Specifically,
12         the Flutter tool needs it to communicate with the running application
13         to allow setting breakpoints, to provide hot reload, etc.
14    -->
15    <uses-permission android:name="android.permission.INTERNET" />
15-->src\debug\AndroidManifest.xml:6:5-66
15-->src\debug\AndroidManifest.xml:6:22-64
16    <uses-permission android:name="android.permission.ACCESS_NETWORK_STATE" />
16-->[:firebase_analytics] AndroidManifest.xml:9:5-79
16-->[:firebase_analytics] AndroidManifest.xml:9:22-76
17    <uses-permission android:name="android.permission.WAKE_LOCK" />
17-->[:firebase_analytics] AndroidManifest.xml:11:5-68
17-->[:firebase_analytics] AndroidManifest.xml:11:22-65
18    <uses-permission android:name="com.google.android.gms.permission.AD_ID" />
18-->[com.google.android.gms:play-services-measurement-api:21.5.0] AndroidManifest.xml:25:5-79
18-->[com.google.android.gms:play-services-measurement-api:21.5.0] AndroidManifest.xml:25:22-76
19    <uses-permission android:name="android.permission.ACCESS_ADSERVICES_ATTRIBUTION" />
19-->[com.google.android.gms:play-services-measurement-api:21.5.0] AndroidManifest.xml:26:5-88
19-->[com.google.android.gms:play-services-measurement-api:21.5.0] AndroidManifest.xml:26:22-85
20    <uses-permission android:name="android.permission.ACCESS_ADSERVICES_AD_ID" />
20-->[com.google.android.gms:play-services-measurement-api:21.5.0] AndroidManifest.xml:27:5-82
20-->[com.google.android.gms:play-services-measurement-api:21.5.0] AndroidManifest.xml:27:22-79
21    <uses-permission android:name="com.google.android.providers.gsf.permission.READ_GSERVICES" />
21-->[com.google.android.recaptcha:recaptcha:18.4.0] AndroidManifest.xml:9:5-98
21-->[com.google.android.recaptcha:recaptcha:18.4.0] AndroidManifest.xml:9:22-95
22    <uses-permission android:name="com.google.android.finsky.permission.BIND_GET_INSTALL_REFERRER_SERVICE" />
22-->[com.google.android.gms:play-services-measurement:21.5.0] AndroidManifest.xml:26:5-110
22-->[com.google.android.gms:play-services-measurement:21.5.0] AndroidManifest.xml:26:22-107
23
24    <permission
24-->[androidx.core:core:1.9.0] AndroidManifest.xml:22:5-24:47
25        android:name="com.example.cat_nutrition.DYNAMIC_RECEIVER_NOT_EXPORTED_PERMISSION"
25-->[androidx.core:core:1.9.0] AndroidManifest.xml:23:9-81
26        android:protectionLevel="signature" />
26-->[androidx.core:core:1.9.0] AndroidManifest.xml:24:9-44
27
28    <uses-permission android:name="com.example.cat_nutrition.DYNAMIC_RECEIVER_NOT_EXPORTED_PERMISSION" />
28-->[androidx.core:core:1.9.0] AndroidManifest.xml:26:5-97
28-->[androidx.core:core:1.9.0] AndroidManifest.xml:26:22-94
29
30    <application
31        android:name="android.app.Application"
32        android:appComponentFactory="androidx.core.app.CoreComponentFactory"
32-->[androidx.core:core:1.9.0] AndroidManifest.xml:28:18-86
33        android:debuggable="true"
34        android:icon="@mipmap/ic_launcher"
35        android:label="cat_nutrition" >
36        <activity
37            android:name="com.example.cat_nutrition.MainActivity"
38            android:configChanges="orientation|keyboardHidden|keyboard|screenSize|smallestScreenSize|locale|layoutDirection|fontScale|screenLayout|density|uiMode"
39            android:exported="true"
40            android:hardwareAccelerated="true"
41            android:launchMode="singleTop"
42            android:theme="@style/LaunchTheme"
43            android:windowSoftInputMode="adjustResize" >
44
45            <!--
46                 Specifies an Android theme to apply to this Activity as soon as
47                 the Android process has started. This theme is visible to the user
48                 while the Flutter UI initializes. After that, this theme continues
49                 to determine the Window background behind the Flutter UI.
50            -->
51            <meta-data
52                android:name="io.flutter.embedding.android.NormalTheme"
53                android:resource="@style/NormalTheme" />
54
55            <intent-filter>
56                <action android:name="android.intent.action.MAIN" />
57
58                <category android:name="android.intent.category.LAUNCHER" />
59            </intent-filter>
60        </activity>
61        <!--
62             Don't delete the meta-data below.
63             This is used by the Flutter tool to generate GeneratedPluginRegistrant.java
64        -->
65        <meta-data
66            android:name="flutterEmbedding"
67            android:value="2" />
68
69        <service
69-->[:firebase_analytics] AndroidManifest.xml:14:9-18:19
70            android:name="com.google.firebase.components.ComponentDiscoveryService"
70-->[:firebase_analytics] AndroidManifest.xml:14:18-89
71            android:directBootAware="true"
71-->[com.google.firebase:firebase-common:20.4.2] AndroidManifest.xml:32:13-43
72            android:exported="false" >
72-->[com.google.android.gms:play-services-measurement-api:21.5.0] AndroidManifest.xml:36:13-37
73            <meta-data
73-->[:firebase_analytics] AndroidManifest.xml:15:13-17:85
74                android:name="com.google.firebase.components:io.flutter.plugins.firebase.analytics.FlutterFirebaseAppRegistrar"
74-->[:firebase_analytics] AndroidManifest.xml:16:17-128
75                android:value="com.google.firebase.components.ComponentRegistrar" />
75-->[:firebase_analytics] AndroidManifest.xml:17:17-82
76            <meta-data
76-->[:firebase_auth] AndroidManifest.xml:11:13-13:85
77                android:name="com.google.firebase.components:io.flutter.plugins.firebase.auth.FlutterFirebaseAuthRegistrar"
77-->[:firebase_auth] AndroidManifest.xml:12:17-124
78                android:value="com.google.firebase.components.ComponentRegistrar" />
78-->[:firebase_auth] AndroidManifest.xml:13:17-82
79            <meta-data
79-->[:cloud_firestore] AndroidManifest.xml:11:13-13:85
80                android:name="com.google.firebase.components:io.flutter.plugins.firebase.firestore.FlutterFirebaseFirestoreRegistrar"
80-->[:cloud_firestore] AndroidManifest.xml:12:17-134
81                android:value="com.google.firebase.components.ComponentRegistrar" />
81-->[:cloud_firestore] AndroidManifest.xml:13:17-82
82            <meta-data
82-->[:firebase_core] AndroidManifest.xml:11:13-13:85
83                android:name="com.google.firebase.components:io.flutter.plugins.firebase.core.FlutterFirebaseCoreRegistrar"
83-->[:firebase_core] AndroidManifest.xml:12:17-124
84                android:value="com.google.firebase.components.ComponentRegistrar" />
84-->[:firebase_core] AndroidManifest.xml:13:17-82
85            <meta-data
85-->[com.google.android.gms:play-services-measurement-api:21.5.0] AndroidManifest.xml:37:13-39:85
86                android:name="com.google.firebase.components:com.google.firebase.analytics.connector.internal.AnalyticsConnectorRegistrar"
86-->[com.google.android.gms:play-services-measurement-api:21.5.0] AndroidManifest.xml:38:17-139
87                android:value="com.google.firebase.components.ComponentRegistrar" />
87-->[com.google.android.gms:play-services-measurement-api:21.5.0] AndroidManifest.xml:39:17-82
88            <meta-data
88-->[com.google.firebase:firebase-auth:22.3.1] AndroidManifest.xml:69:13-71:85
89                android:name="com.google.firebase.components:com.google.firebase.auth.FirebaseAuthRegistrar"
89-->[com.google.firebase:firebase-auth:22.3.1] AndroidManifest.xml:70:17-109
90                android:value="com.google.firebase.components.ComponentRegistrar" />
90-->[com.google.firebase:firebase-auth:22.3.1] AndroidManifest.xml:71:17-82
91            <meta-data
91-->[com.google.firebase:firebase-firestore:24.10.1] AndroidManifest.xml:17:13-19:85
92                android:name="com.google.firebase.components:com.google.firebase.firestore.FirebaseFirestoreKtxRegistrar"
92-->[com.google.firebase:firebase-firestore:24.10.1] AndroidManifest.xml:18:17-122
93                android:value="com.google.firebase.components.ComponentRegistrar" />
93-->[com.google.firebase:firebase-firestore:24.10.1] AndroidManifest.xml:19:17-82
94            <meta-data
94-->[com.google.firebase:firebase-firestore:24.10.1] AndroidManifest.xml:20:13-22:85
95                android:name="com.google.firebase.components:com.google.firebase.firestore.FirestoreRegistrar"
95-->[com.google.firebase:firebase-firestore:24.10.1] AndroidManifest.xml:21:17-111
96                android:value="com.google.firebase.components.ComponentRegistrar" />
96-->[com.google.firebase:firebase-firestore:24.10.1] AndroidManifest.xml:22:17-82
97            <meta-data
97-->[com.google.firebase:firebase-installations:17.2.0] AndroidManifest.xml:15:13-17:85
98                android:name="com.google.firebase.components:com.google.firebase.installations.FirebaseInstallationsKtxRegistrar"
98-->[com.google.firebase:firebase-installations:17.2.0] AndroidManifest.xml:16:17-130
99                android:value="com.google.firebase.components.ComponentRegistrar" />
99-->[com.google.firebase:firebase-installations:17.2.0] AndroidManifest.xml:17:17-82
100            <meta-data
100-->[com.google.firebase:firebase-installations:17.2.0] AndroidManifest.xml:18:13-20:85
101                android:name="com.google.firebase.components:com.google.firebase.installations.FirebaseInstallationsRegistrar"
101-->[com.google.firebase:firebase-installations:17.2.0] AndroidManifest.xml:19:17-127
102                android:value="com.google.firebase.components.ComponentRegistrar" />
102-->[com.google.firebase:firebase-installations:17.2.0] AndroidManifest.xml:20:17-82
103            <meta-data
103-->[com.google.firebase:firebase-common-ktx:20.4.2] AndroidManifest.xml:12:13-14:85
104                android:name="com.google.firebase.components:com.google.firebase.ktx.FirebaseCommonLegacyRegistrar"
104-->[com.google.firebase:firebase-common-ktx:20.4.2] AndroidManifest.xml:13:17-116
105                android:value="com.google.firebase.components.ComponentRegistrar" />
105-->[com.google.firebase:firebase-common-ktx:20.4.2] AndroidManifest.xml:14:17-82
106            <meta-data
106-->[com.google.firebase:firebase-common:20.4.2] AndroidManifest.xml:35:13-37:85
107                android:name="com.google.firebase.components:com.google.firebase.FirebaseCommonKtxRegistrar"
107-->[com.google.firebase:firebase-common:20.4.2] AndroidManifest.xml:36:17-109
108                android:value="com.google.firebase.components.ComponentRegistrar" />
108-->[com.google.firebase:firebase-common:20.4.2] AndroidManifest.xml:37:17-82
109        </service>
110
111        <property
111-->[com.google.android.gms:play-services-measurement-api:21.5.0] AndroidManifest.xml:30:9-32:61
112            android:name="android.adservices.AD_SERVICES_CONFIG"
112-->[com.google.android.gms:play-services-measurement-api:21.5.0] AndroidManifest.xml:31:13-65
113            android:resource="@xml/ga_ad_services_config" />
113-->[com.google.android.gms:play-services-measurement-api:21.5.0] AndroidManifest.xml:32:13-58
114
115        <activity
115-->[com.google.firebase:firebase-auth:22.3.1] AndroidManifest.xml:29:9-46:20
116            android:name="com.google.firebase.auth.internal.GenericIdpActivity"
116-->[com.google.firebase:firebase-auth:22.3.1] AndroidManifest.xml:30:13-80
117            android:excludeFromRecents="true"
117-->[com.google.firebase:firebase-auth:22.3.1] AndroidManifest.xml:31:13-46
118            android:exported="true"
118-->[com.google.firebase:firebase-auth:22.3.1] AndroidManifest.xml:32:13-36
119            android:launchMode="singleTask"
119-->[com.google.firebase:firebase-auth:22.3.1] AndroidManifest.xml:33:13-44
120            android:theme="@android:style/Theme.Translucent.NoTitleBar" >
120-->[com.google.firebase:firebase-auth:22.3.1] AndroidManifest.xml:34:13-72
121            <intent-filter>
121-->[com.google.firebase:firebase-auth:22.3.1] AndroidManifest.xml:35:13-45:29
122                <action android:name="android.intent.action.VIEW" />
122-->[com.google.firebase:firebase-auth:22.3.1] AndroidManifest.xml:36:17-69
122-->[com.google.firebase:firebase-auth:22.3.1] AndroidManifest.xml:36:25-66
123
124                <category android:name="android.intent.category.DEFAULT" />
124-->[com.google.firebase:firebase-auth:22.3.1] AndroidManifest.xml:38:17-76
124-->[com.google.firebase:firebase-auth:22.3.1] AndroidManifest.xml:38:27-73
125                <category android:name="android.intent.category.BROWSABLE" />
125-->[com.google.firebase:firebase-auth:22.3.1] AndroidManifest.xml:39:17-78
125-->[com.google.firebase:firebase-auth:22.3.1] AndroidManifest.xml:39:27-75
126
127                <data
127-->[com.google.firebase:firebase-auth:22.3.1] AndroidManifest.xml:41:17-44:51
128                    android:host="firebase.auth"
128-->[com.google.firebase:firebase-auth:22.3.1] AndroidManifest.xml:42:21-49
129                    android:path="/"
129-->[com.google.firebase:firebase-auth:22.3.1] AndroidManifest.xml:43:21-37
130                    android:scheme="genericidp" />
130-->[com.google.firebase:firebase-auth:22.3.1] AndroidManifest.xml:44:21-48
131            </intent-filter>
132        </activity>
133        <activity
133-->[com.google.firebase:firebase-auth:22.3.1] AndroidManifest.xml:47:9-64:20
134            android:name="com.google.firebase.auth.internal.RecaptchaActivity"
134-->[com.google.firebase:firebase-auth:22.3.1] AndroidManifest.xml:48:13-79
135            android:excludeFromRecents="true"
135-->[com.google.firebase:firebase-auth:22.3.1] AndroidManifest.xml:49:13-46
136            android:exported="true"
136-->[com.google.firebase:firebase-auth:22.3.1] AndroidManifest.xml:50:13-36
137            android:launchMode="singleTask"
137-->[com.google.firebase:firebase-auth:22.3.1] AndroidManifest.xml:51:13-44
138            android:theme="@android:style/Theme.Translucent.NoTitleBar" >
138-->[com.google.firebase:firebase-auth:22.3.1] AndroidManifest.xml:52:13-72
139            <intent-filter>
139-->[com.google.firebase:firebase-auth:22.3.1] AndroidManifest.xml:53:13-63:29
140                <action android:name="android.intent.action.VIEW" />
140-->[com.google.firebase:firebase-auth:22.3.1] AndroidManifest.xml:36:17-69
140-->[com.google.firebase:firebase-auth:22.3.1] AndroidManifest.xml:36:25-66
141
142                <category android:name="android.intent.category.DEFAULT" />
142-->[com.google.firebase:firebase-auth:22.3.1] AndroidManifest.xml:38:17-76
142-->[com.google.firebase:firebase-auth:22.3.1] AndroidManifest.xml:38:27-73
143                <category android:name="android.intent.category.BROWSABLE" />
143-->[com.google.firebase:firebase-auth:22.3.1] AndroidManifest.xml:39:17-78
143-->[com.google.firebase:firebase-auth:22.3.1] AndroidManifest.xml:39:27-75
144
145                <data
145-->[com.google.firebase:firebase-auth:22.3.1] AndroidManifest.xml:41:17-44:51
146                    android:host="firebase.auth"
146-->[com.google.firebase:firebase-auth:22.3.1] AndroidManifest.xml:42:21-49
147                    android:path="/"
147-->[com.google.firebase:firebase-auth:22.3.1] AndroidManifest.xml:43:21-37
148                    android:scheme="recaptcha" />
148-->[com.google.firebase:firebase-auth:22.3.1] AndroidManifest.xml:44:21-48
149            </intent-filter>
150        </activity>
151
152        <uses-library
152-->[androidx.window:window:1.0.0-beta04] AndroidManifest.xml:25:9-27:40
153            android:name="androidx.window.extensions"
153-->[androidx.window:window:1.0.0-beta04] AndroidManifest.xml:26:13-54
154            android:required="false" />
154-->[androidx.window:window:1.0.0-beta04] AndroidManifest.xml:27:13-37
155        <uses-library
155-->[androidx.window:window:1.0.0-beta04] AndroidManifest.xml:28:9-30:40
156            android:name="androidx.window.sidecar"
156-->[androidx.window:window:1.0.0-beta04] AndroidManifest.xml:29:13-51
157            android:required="false" />
157-->[androidx.window:window:1.0.0-beta04] AndroidManifest.xml:30:13-37
158
159        <provider
159-->[com.google.firebase:firebase-common:20.4.2] AndroidManifest.xml:23:9-28:39
160            android:name="com.google.firebase.provider.FirebaseInitProvider"
160-->[com.google.firebase:firebase-common:20.4.2] AndroidManifest.xml:24:13-77
161            android:authorities="com.example.cat_nutrition.firebaseinitprovider"
161-->[com.google.firebase:firebase-common:20.4.2] AndroidManifest.xml:25:13-72
162            android:directBootAware="true"
162-->[com.google.firebase:firebase-common:20.4.2] AndroidManifest.xml:26:13-43
163            android:exported="false"
163-->[com.google.firebase:firebase-common:20.4.2] AndroidManifest.xml:27:13-37
164            android:initOrder="100" />
164-->[com.google.firebase:firebase-common:20.4.2] AndroidManifest.xml:28:13-36
165
166        <receiver
166-->[com.google.android.gms:play-services-measurement:21.5.0] AndroidManifest.xml:29:9-33:20
167            android:name="com.google.android.gms.measurement.AppMeasurementReceiver"
167-->[com.google.android.gms:play-services-measurement:21.5.0] AndroidManifest.xml:30:13-85
168            android:enabled="true"
168-->[com.google.android.gms:play-services-measurement:21.5.0] AndroidManifest.xml:31:13-35
169            android:exported="false" >
169-->[com.google.android.gms:play-services-measurement:21.5.0] AndroidManifest.xml:32:13-37
170        </receiver>
171
172        <service
172-->[com.google.android.gms:play-services-measurement:21.5.0] AndroidManifest.xml:35:9-38:40
173            android:name="com.google.android.gms.measurement.AppMeasurementService"
173-->[com.google.android.gms:play-services-measurement:21.5.0] AndroidManifest.xml:36:13-84
174            android:enabled="true"
174-->[com.google.android.gms:play-services-measurement:21.5.0] AndroidManifest.xml:37:13-35
175            android:exported="false" />
175-->[com.google.android.gms:play-services-measurement:21.5.0] AndroidManifest.xml:38:13-37
176        <service
176-->[com.google.android.gms:play-services-measurement:21.5.0] AndroidManifest.xml:39:9-43:72
177            android:name="com.google.android.gms.measurement.AppMeasurementJobService"
177-->[com.google.android.gms:play-services-measurement:21.5.0] AndroidManifest.xml:40:13-87
178            android:enabled="true"
178-->[com.google.android.gms:play-services-measurement:21.5.0] AndroidManifest.xml:41:13-35
179            android:exported="false"
179-->[com.google.android.gms:play-services-measurement:21.5.0] AndroidManifest.xml:42:13-37
180            android:permission="android.permission.BIND_JOB_SERVICE" />
180-->[com.google.android.gms:play-services-measurement:21.5.0] AndroidManifest.xml:43:13-69
181
182        <uses-library
182-->[androidx.privacysandbox.ads:ads-adservices:1.0.0-beta05] AndroidManifest.xml:23:9-25:40
183            android:name="android.ext.adservices"
183-->[androidx.privacysandbox.ads:ads-adservices:1.0.0-beta05] AndroidManifest.xml:24:13-50
184            android:required="false" />
184-->[androidx.privacysandbox.ads:ads-adservices:1.0.0-beta05] AndroidManifest.xml:25:13-37
185
186        <activity
186-->[com.google.android.gms:play-services-base:18.0.1] AndroidManifest.xml:20:9-22:45
187            android:name="com.google.android.gms.common.api.GoogleApiActivity"
187-->[com.google.android.gms:play-services-base:18.0.1] AndroidManifest.xml:20:19-85
188            android:exported="false"
188-->[com.google.android.gms:play-services-base:18.0.1] AndroidManifest.xml:22:19-43
189            android:theme="@android:style/Theme.Translucent.NoTitleBar" />
189-->[com.google.android.gms:play-services-base:18.0.1] AndroidManifest.xml:21:19-78
190
191        <meta-data
191-->[com.google.android.gms:play-services-basement:18.1.0] AndroidManifest.xml:21:9-23:69
192            android:name="com.google.android.gms.version"
192-->[com.google.android.gms:play-services-basement:18.1.0] AndroidManifest.xml:22:13-58
193            android:value="@integer/google_play_services_version" />
193-->[com.google.android.gms:play-services-basement:18.1.0] AndroidManifest.xml:23:13-66
194    </application>
195
196</manifest>